Replace Part 1 CABLE in D:\buff\APPARATY\Sheet1.SchDoc with CABLE from RSP2STLIB.SchLib
Replace Part 2 CABLE in D:\buff\APPARATY\Sheet1.SchDoc with CABLE from RSP2STLIB.SchLib
Replace Part 3 CABLE in D:\buff\APPARATY\Sheet1.SchDoc with CABLE from RSP2STLIB.SchLib
Replace Part 4 CABLE in D:\buff\APPARATY\Sheet1.SchDoc with CABLE from RSP2STLIB.SchLib
Replace Part 5 CABLE in D:\buff\APPARATY\Sheet1.SchDoc with CABLE from RSP2STLIB.SchLib
Replace Part 6 CABLE in D:\buff\APPARATY\Sheet1.SchDoc with CABLE from RSP2STLIB.SchLib
Replace Part 7 CABLE in D:\buff\APPARATY\Sheet1.SchDoc with CABLE from RSP2STLIB.SchLib
Replace Part 8 CABLE in D:\buff\APPARATY\Sheet1.SchDoc with CABLE from RSP2STLIB.SchLib
Replace Part 9 CABLE in D:\buff\APPARATY\Sheet1.SchDoc with CABLE from RSP2STLIB.SchLib
Replace Part 10 CABLE in D:\buff\APPARATY\Sheet1.SchDoc with CABLE from RSP2STLIB.SchLib
Replace Part 11 CABLE in D:\buff\APPARATY\Sheet1.SchDoc with CABLE from RSP2STLIB.SchLib
Replace Part 11 CABLE in D:\buff\APPARATY\Sheet1.SchDoc with CABLE from RSP2STLIB.SchLib
Replace Part 12 CABLE in D:\buff\APPARATY\Sheet1.SchDoc with CABLE from RSP2STLIB.SchLib
Replace Part 12 CABLE in D:\buff\APPARATY\Sheet1.SchDoc with CABLE from RSP2STLIB.SchLib
Replace Part 12 CABLE in D:\buff\APPARATY\Sheet1.SchDoc with CABLE from RSP2STLIB.SchLib
Replace Part 13 CABLE in D:\buff\APPARATY\Sheet1.SchDoc with CABLE from RSP2STLIB.SchLib
Replace Part 13 CABLE in D:\buff\APPARATY\Sheet1.SchDoc with CABLE from RSP2STLIB.SchLib
Replace Part 13 CABLE in D:\buff\APPARATY\Sheet1.SchDoc with CABLE from RSP2STLIB.SchLib
Replace Part 14 CABLE in D:\buff\APPARATY\Sheet1.SchDoc with CABLE from RSP2STLIB.SchLib
Replace Part 14 CABLE in D:\buff\APPARATY\Sheet1.SchDoc with CABLE from RSP2STLIB.SchLib
Replace Part 14 CABLE in D:\buff\APPARATY\Sheet1.SchDoc with CABLE from RSP2STLIB.SchLib
Replace Part 15 CABLE in D:\buff\APPARATY\Sheet1.SchDoc with CABLE from RSP2STLIB.SchLib
Replace Part 15 CABLE in D:\buff\APPARATY\Sheet1.SchDoc with CABLE from RSP2STLIB.SchLib
Replace Part 15 CABLE in D:\buff\APPARATY\Sheet1.SchDoc with CABLE from RSP2STLIB.SchLib
Replace Part 16 CABLE in D:\buff\APPARATY\Sheet1.SchDoc with CABLE from RSP2STLIB.SchLib
Replace Part 16 CABLE in D:\buff\APPARATY\Sheet1.SchDoc with CABLE from RSP2STLIB.SchLib
Replace Part 17 CABLE in D:\buff\APPARATY\Sheet1.SchDoc with CABLE from RSP2STLIB.SchLib
Replace Part 18 CABLE in D:\buff\APPARATY\Sheet1.SchDoc with CABLE from RSP2STLIB.SchLib
Replace Part 19 CABLE in D:\buff\APPARATY\Sheet1.SchDoc with CABLE from RSP2STLIB.SchLib
Replace Part A1 Источник бесперебойного питания SKAT-UPS 3000 RACK Бастион in D:\buff\APPARATY\Sheet1.SchDoc with Источник бесперебойного питания SKAT-UPS 3000 RACK Бастион from RSP2STLIB.SchLib
Replace Part A2 блок in D:\buff\APPARATY\Sheet1.SchDoc with блок from RSP2STLIB.SchLib
Replace Part A3 Переключатель нагрузки in D:\buff\APPARATY\Sheet1.SchDoc with Переключатель нагрузки from RSP2STLIB.SchLib
Replace Part A4 SNMP_модуль in D:\buff\APPARATY\Sheet1.SchDoc with SNMP_модуль from RSP2STLIB.SchLib
Replace Part A5 атарейный блок in D:\buff\APPARATY\Sheet1.SchDoc with атарейный блок from RSP2STLIB.SchLib
Replace Part A6 блок розеток 3 in D:\buff\APPARATY\Sheet1.SchDoc with блок розеток 3 from RSP2STLIB.SchLib
Replace Part A7 блок розеток 2 in D:\buff\APPARATY\Sheet1.SchDoc with блок розеток 2 from RSP2STLIB.SchLib
Replace Part A8 блок розеток 1 in D:\buff\APPARATY\Sheet1.SchDoc with блок розеток 1 from RSP2STLIB.SchLib
Replace Part A? ACDC преобразователь in D:\buff\APPARATY\Sheet1.SchDoc with ACDC преобразователь from RSP2STLIB.SchLib
Replace Part A? ACDC преобразователь in D:\buff\APPARATY\Sheet1.SchDoc with ACDC преобразователь from RSP2STLIB.SchLib
Replace Part A? блок питания in D:\buff\APPARATY\Sheet1.SchDoc with блок питания from RSP2STLIB.SchLib
Replace Part A? кросс-модуль in D:\buff\APPARATY\Sheet1.SchDoc with кросс-модуль from RSP2STLIB.SchLib
Replace Part A? кросс-модуль in D:\buff\APPARATY\Sheet1.SchDoc with кросс-модуль from RSP2STLIB.SchLib
Replace Part XP1 XP in D:\buff\APPARATY\Sheet1.SchDoc with XP from RSP2STLIB.SchLib
Replace Part XP2 XP in D:\buff\APPARATY\Sheet1.SchDoc with XP from RSP2STLIB.SchLib
Replace Part XP3 XP in D:\buff\APPARATY\Sheet1.SchDoc with XP from RSP2STLIB.SchLib
Replace Part XP4 XP_1_1 in D:\buff\APPARATY\Sheet1.SchDoc with XP_1_1 from RSP2STLIB.SchLib
Replace Part XP5 XP in D:\buff\APPARATY\Sheet1.SchDoc with XP from RSP2STLIB.SchLib
Replace Part XP6 XP in D:\buff\APPARATY\Sheet1.SchDoc with XP from RSP2STLIB.SchLib
Replace Part XP7 XP in D:\buff\APPARATY\Sheet1.SchDoc with XP from RSP2STLIB.SchLib
Replace Part XP8 XP in D:\buff\APPARATY\Sheet1.SchDoc with XP from RSP2STLIB.SchLib
Replace Part XP9 XP in D:\buff\APPARATY\Sheet1.SchDoc with XP from RSP2STLIB.SchLib
Replace Part XP10 XP in D:\buff\APPARATY\Sheet1.SchDoc with XP from RSP2STLIB.SchLib
Replace Part XP10 XP_1 in D:\buff\APPARATY\Sheet1.SchDoc with XP_1 from RSP2STLIB.SchLib
Replace Part XP11 XP in D:\buff\APPARATY\Sheet1.SchDoc with XP from RSP2STLIB.SchLib
Replace Part XP12 XP in D:\buff\APPARATY\Sheet1.SchDoc with XP from RSP2STLIB.SchLib
Replace Part XP13 XP in D:\buff\APPARATY\Sheet1.SchDoc with XP from RSP2STLIB.SchLib
Replace Part XP14 XP in D:\buff\APPARATY\Sheet1.SchDoc with XP from RSP2STLIB.SchLib
Replace Part XP15 XP in D:\buff\APPARATY\Sheet1.SchDoc with XP from RSP2STLIB.SchLib
Replace Part XP16 XP in D:\buff\APPARATY\Sheet1.SchDoc with XP from RSP2STLIB.SchLib
Replace Part XP17 XP in D:\buff\APPARATY\Sheet1.SchDoc with XP from RSP2STLIB.SchLib
Replace Part XP18 XP in D:\buff\APPARATY\Sheet1.SchDoc with XP from RSP2STLIB.SchLib
Replace Part XS1 XS in D:\buff\APPARATY\Sheet1.SchDoc with XS from RSP2STLIB.SchLib
Replace Part XS2 XS in D:\buff\APPARATY\Sheet1.SchDoc with XS from RSP2STLIB.SchLib
Replace Part XS3 XS in D:\buff\APPARATY\Sheet1.SchDoc with XS from RSP2STLIB.SchLib
