Replace Part 1 CABLE in D:\buff\APPARATY\Sheet1.SchDoc with CABLE from RSP2STLIB.SchLib
Replace Part 2 CABLE in D:\buff\APPARATY\Sheet1.SchDoc with CABLE from RSP2STLIB.SchLib
Replace Part 2 CABLE in D:\buff\APPARATY\Sheet1.SchDoc with CABLE from RSP2STLIB.SchLib
Replace Part 3 CABLE in D:\buff\APPARATY\Sheet1.SchDoc with CABLE from RSP2STLIB.SchLib
Replace Part 4 CABLE in D:\buff\APPARATY\Sheet1.SchDoc with CABLE from RSP2STLIB.SchLib
Replace Part 5 CABLE in D:\buff\APPARATY\Sheet1.SchDoc with CABLE from RSP2STLIB.SchLib
Replace Part 6 CABLE in D:\buff\APPARATY\Sheet1.SchDoc with CABLE from RSP2STLIB.SchLib
Replace Part 7 CABLE in D:\buff\APPARATY\Sheet1.SchDoc with CABLE from RSP2STLIB.SchLib
Replace Part A2 блок in D:\buff\APPARATY\Sheet1.SchDoc with блок from RSP2STLIB.SchLib
Replace Part A? атарейный блок in D:\buff\APPARATY\Sheet1.SchDoc with атарейный блок from RSP2STLIB.SchLib
Replace Part A? SNMP_модуль in D:\buff\APPARATY\Sheet1.SchDoc with SNMP_модуль from RSP2STLIB.SchLib
Replace Part A? Источник бесперебойного питания SKAT-UPS 3000 RACK Бастион in D:\buff\APPARATY\Sheet1.SchDoc with Источник бесперебойного питания SKAT-UPS 3000 RACK Бастион from RSP2STLIB.SchLib
Replace Part A? блок розеток 1 in D:\buff\APPARATY\Sheet1.SchDoc with блок розеток 1 from RSP2STLIB.SchLib
Replace Part A? блок розеток 2 in D:\buff\APPARATY\Sheet1.SchDoc with блок розеток 2 from RSP2STLIB.SchLib
Replace Part A? блок розеток 3 in D:\buff\APPARATY\Sheet1.SchDoc with блок розеток 3 from RSP2STLIB.SchLib
Replace Part A? Переключатель нагрузки in D:\buff\APPARATY\Sheet1.SchDoc with Переключатель нагрузки from RSP2STLIB.SchLib
Replace Part XP1 XP in D:\buff\APPARATY\Sheet1.SchDoc with XP from RSP2STLIB.SchLib
Replace Part XP2 XP in D:\buff\APPARATY\Sheet1.SchDoc with XP from RSP2STLIB.SchLib
Replace Part XP2 XP in D:\buff\APPARATY\Sheet1.SchDoc with XP from RSP2STLIB.SchLib
Replace Part XP3 XP in D:\buff\APPARATY\Sheet1.SchDoc with XP from RSP2STLIB.SchLib
Replace Part XP? XP_1_1 in D:\buff\APPARATY\Sheet1.SchDoc with XP_1_1 from RSP2STLIB.SchLib
Replace Part XP? XP_1 in D:\buff\APPARATY\Sheet1.SchDoc with XP_1 from RSP2STLIB.SchLib
Replace Part XP? XP in D:\buff\APPARATY\Sheet1.SchDoc with XP from RSP2STLIB.SchLib
Replace Part XP? XP in D:\buff\APPARATY\Sheet1.SchDoc with XP from RSP2STLIB.SchLib
Replace Part XP? XP in D:\buff\APPARATY\Sheet1.SchDoc with XP from RSP2STLIB.SchLib
Replace Part XP? XP in D:\buff\APPARATY\Sheet1.SchDoc with XP from RSP2STLIB.SchLib
Replace Part XS1 XS in D:\buff\APPARATY\Sheet1.SchDoc with XS from RSP2STLIB.SchLib
Replace Part XS2 XS in D:\buff\APPARATY\Sheet1.SchDoc with XS from RSP2STLIB.SchLib
Replace Part XS3 XS in D:\buff\APPARATY\Sheet1.SchDoc with XS from RSP2STLIB.SchLib
